<?xml version="1.0" encoding="UTF-8"?>
<!-- Generated by org.testng.reporters.JUnitXMLReporter -->
<testsuite ignored="0" hostname="Sunil-PC" failures="6" tests="16" name="Default test" time="6.051" errors="0" timestamp="2024-08-29T17:17:24 BST">
  <testcase classname="tests.PizzaHutTestNGTest" name="@BeforeClass setup" time="5.818">
    <failure type="java.lang.NullPointerException" message="Cannot invoke &amp;quot;org.apache.poi.ss.usermodel.Row.getCell(int)&amp;quot; because the return value of &amp;quot;org.apache.poi.ss.usermodel.Sheet.getRow(int)&amp;quot; is null">
      <![CDATA[java.lang.NullPointerException: Cannot invoke "org.apache.poi.ss.usermodel.Row.getCell(int)" because the return value of "org.apache.poi.ss.usermodel.Sheet.getRow(int)" is null
at tests.PizzaHutTestNGTest.getUrlFromExcel(PizzaHutTestNGTest.java:201)
at tests.PizzaHutTestNGTest.setup(PizzaHutTestNGTest.java:47)
at java.base/jdk.internal.reflect.DirectMethodHandleAccessor.invoke(DirectMethodHandleAccessor.java:103)
at java.base/java.lang.reflect.Method.invoke(Method.java:580)
at org.testng.internal.MethodInvocationHelper.invokeMethod(MethodInvocationHelper.java:133)
at org.testng.internal.MethodInvocationHelper.invokeMethodConsideringTimeout(MethodInvocationHelper.java:62)
at org.testng.internal.ConfigInvoker.invokeConfigurationMethod(ConfigInvoker.java:385)
at org.testng.internal.ConfigInvoker.invokeConfigurations(ConfigInvoker.java:321)
at org.testng.internal.TestMethodWorker.invokeBeforeClassMethods(TestMethodWorker.java:176)
at org.testng.internal.TestMethodWorker.run(TestMethodWorker.java:122)
at java.base/java.util.ArrayList.forEach(ArrayList.java:1596)
at org.testng.TestRunner.privateRun(TestRunner.java:794)
at org.testng.TestRunner.run(TestRunner.java:596)
at org.testng.SuiteRunner.runTest(SuiteRunner.java:377)
at org.testng.SuiteRunner.runSequentially(SuiteRunner.java:371)
at org.testng.SuiteRunner.privateRun(SuiteRunner.java:332)
at org.testng.SuiteRunner.run(SuiteRunner.java:276)
at org.testng.SuiteRunnerWorker.runSuite(SuiteRunnerWorker.java:53)
at org.testng.SuiteRunnerWorker.run(SuiteRunnerWorker.java:96)
at org.testng.TestNG.runSuitesSequentially(TestNG.java:1212)
at org.testng.TestNG.runSuitesLocally(TestNG.java:1134)
at org.testng.TestNG.runSuites(TestNG.java:1063)
at org.testng.TestNG.run(TestNG.java:1031)
at org.testng.remote.AbstractRemoteTestNG.run(AbstractRemoteTestNG.java:115)
at org.testng.remote.RemoteTestNG.initAndRun(RemoteTestNG.java:293)
at org.testng.remote.RemoteTestNG.main(RemoteTestNG.java:91)
]]>
    </failure>
  </testcase> <!-- @BeforeClass setup -->
  <testcase classname="listeners.ExtentReportListener1" name="@BeforeMethod onStart" time="-1.724948244635E9">
    <skipped/>
  </testcase> <!-- @BeforeMethod onStart -->
  <testcase classname="listeners.ExtentReportListener1" name="@AfterMethod onFinish" time="-1.724948244652E9">
    <skipped/>
  </testcase> <!-- @AfterMethod onFinish -->
  <testcase classname="listeners.ExtentReportListener1" name="@BeforeMethod onStart" time="-1.724948244657E9">
    <skipped/>
  </testcase> <!-- @BeforeMethod onStart -->
  <testcase classname="listeners.ExtentReportListener1" name="@AfterMethod onFinish" time="-1.724948244663E9">
    <skipped/>
  </testcase> <!-- @AfterMethod onFinish -->
  <testcase classname="listeners.ExtentReportListener1" name="@BeforeMethod onStart" time="-1.724948244672E9">
    <skipped/>
  </testcase> <!-- @BeforeMethod onStart -->
  <testcase classname="listeners.ExtentReportListener1" name="@AfterMethod onFinish" time="-1.724948244681E9">
    <skipped/>
  </testcase> <!-- @AfterMethod onFinish -->
  <testcase classname="listeners.ExtentReportListener1" name="@BeforeMethod onStart" time="-1.724948244684E9">
    <skipped/>
  </testcase> <!-- @BeforeMethod onStart -->
  <testcase classname="listeners.ExtentReportListener1" name="@AfterMethod onFinish" time="-1.724948244692E9">
    <skipped/>
  </testcase> <!-- @AfterMethod onFinish -->
  <testcase classname="listeners.ExtentReportListener1" name="@BeforeMethod onStart" time="-1.724948244694E9">
    <skipped/>
  </testcase> <!-- @BeforeMethod onStart -->
  <testcase classname="listeners.ExtentReportListener1" name="@AfterMethod onFinish" time="-1.724948244699E9">
    <skipped/>
  </testcase> <!-- @AfterMethod onFinish -->
  <testcase classname="listeners.ExtentReportListener1" name="@BeforeMethod onStart" time="-1.724948244702E9">
    <skipped/>
  </testcase> <!-- @BeforeMethod onStart -->
  <testcase classname="listeners.ExtentReportListener1" name="@AfterMethod onFinish" time="-1.72494824471E9">
    <skipped/>
  </testcase> <!-- @AfterMethod onFinish -->
  <testcase classname="listeners.ExtentReportListener1" name="@BeforeMethod onStart" time="-1.724948244712E9">
    <skipped/>
  </testcase> <!-- @BeforeMethod onStart -->
  <testcase classname="listeners.ExtentReportListener1" name="@AfterMethod onFinish" time="-1.724948244718E9">
    <skipped/>
  </testcase> <!-- @AfterMethod onFinish -->
  <testcase classname="listeners.ExtentReportListener1" name="@BeforeMethod onStart" time="-1.724948244726E9">
    <skipped/>
  </testcase> <!-- @BeforeMethod onStart -->
  <testcase classname="listeners.ExtentReportListener1" name="@AfterMethod onFinish" time="-1.724948244732E9">
    <skipped/>
  </testcase> <!-- @AfterMethod onFinish -->
  <testcase classname="listeners.ExtentReportListener1" name="@BeforeMethod onStart" time="-1.724948244735E9">
    <skipped/>
  </testcase> <!-- @BeforeMethod onStart -->
  <testcase classname="listeners.ExtentReportListener1" name="@AfterMethod onFinish" time="-1.724948244741E9">
    <skipped/>
  </testcase> <!-- @AfterMethod onFinish -->
  <testcase classname="listeners.ExtentReportListener1" name="@BeforeMethod onStart" time="-1.724948244751E9">
    <skipped/>
  </testcase> <!-- @BeforeMethod onStart -->
  <testcase classname="listeners.ExtentReportListener1" name="@AfterMethod onFinish" time="-1.724948244757E9">
    <skipped/>
  </testcase> <!-- @AfterMethod onFinish -->
  <testcase classname="tests.PizzaHutTestNGTest" name="@AfterClass tearDown" time="-1.724948244762E9">
    <skipped/>
  </testcase> <!-- @AfterClass tearDown -->
  <testcase classname="tests.PizzaHutTestNGTest" name="testUserLocationSetting" time="0.0">
    <failure type="org.testng.TestNGException" message="
Parameter &amp;apos;location&amp;apos; is required by @Test on method testUserLocationSetting but has not been marked @Optional or defined
in C:\Users\sunil\AppData\Local\Temp\testng-eclipse-1810078306\testng-customsuite.xml">
      <![CDATA[org.testng.TestNGException: 
Parameter 'location' is required by @Test on method testUserLocationSetting but has not been marked @Optional or defined
in C:\Users\sunil\AppData\Local\Temp\testng-eclipse-1810078306\testng-customsuite.xml
at org.testng.internal.Parameters.createParams(Parameters.java:270)
at org.testng.internal.Parameters.createParametersForMethod(Parameters.java:358)
at org.testng.internal.Parameters.createParameters(Parameters.java:700)
at org.testng.internal.Parameters.handleParameters(Parameters.java:884)
at org.testng.internal.Parameters.handleParameters(Parameters.java:740)
at org.testng.internal.ParameterHandler.handleParameters(ParameterHandler.java:59)
at org.testng.internal.ParameterHandler.createParameters(ParameterHandler.java:38)
at org.testng.internal.TestInvoker$MethodInvocationAgent.invoke(TestInvoker.java:791)
at org.testng.internal.TestInvoker.invokeTestMethods(TestInvoker.java:146)
at org.testng.internal.TestMethodWorker.invokeTestMethods(TestMethodWorker.java:146)
at org.testng.internal.TestMethodWorker.run(TestMethodWorker.java:128)
at java.base/java.util.ArrayList.forEach(ArrayList.java:1596)
at org.testng.TestRunner.privateRun(TestRunner.java:794)
at org.testng.TestRunner.run(TestRunner.java:596)
at org.testng.SuiteRunner.runTest(SuiteRunner.java:377)
at org.testng.SuiteRunner.runSequentially(SuiteRunner.java:371)
at org.testng.SuiteRunner.privateRun(SuiteRunner.java:332)
at org.testng.SuiteRunner.run(SuiteRunner.java:276)
at org.testng.SuiteRunnerWorker.runSuite(SuiteRunnerWorker.java:53)
at org.testng.SuiteRunnerWorker.run(SuiteRunnerWorker.java:96)
at org.testng.TestNG.runSuitesSequentially(TestNG.java:1212)
at org.testng.TestNG.runSuitesLocally(TestNG.java:1134)
at org.testng.TestNG.runSuites(TestNG.java:1063)
at org.testng.TestNG.run(TestNG.java:1031)
at org.testng.remote.AbstractRemoteTestNG.run(AbstractRemoteTestNG.java:115)
at org.testng.remote.RemoteTestNG.initAndRun(RemoteTestNG.java:293)
at org.testng.remote.RemoteTestNG.main(RemoteTestNG.java:91)
]]>
    </failure>
  </testcase> <!-- testUserLocationSetting -->
  <testcase classname="tests.PizzaHutTestNGTest" name="validateDealsUrl" time="0.001">
    <skipped/>
  </testcase> <!-- validateDealsUrl -->
  <testcase classname="tests.PizzaHutTestNGTest" name="addItemUnder200ToCart" time="0.0">
    <skipped/>
  </testcase> <!-- addItemUnder200ToCart -->
  <testcase classname="tests.PizzaHutTestNGTest" name="productAddedUnderBasket" time="0.0">
    <failure type="org.testng.TestNGException" message="
Parameter &amp;apos;expectedProductName&amp;apos; is required by @Test on method productAddedUnderBasket but has not been marked @Optional or defined
in C:\Users\sunil\AppData\Local\Temp\testng-eclipse-1810078306\testng-customsuite.xml">
      <![CDATA[org.testng.TestNGException: 
Parameter 'expectedProductName' is required by @Test on method productAddedUnderBasket but has not been marked @Optional or defined
in C:\Users\sunil\AppData\Local\Temp\testng-eclipse-1810078306\testng-customsuite.xml
at org.testng.internal.Parameters.createParams(Parameters.java:270)
at org.testng.internal.Parameters.createParametersForMethod(Parameters.java:358)
at org.testng.internal.Parameters.createParameters(Parameters.java:700)
at org.testng.internal.Parameters.handleParameters(Parameters.java:884)
at org.testng.internal.Parameters.handleParameters(Parameters.java:740)
at org.testng.internal.ParameterHandler.handleParameters(ParameterHandler.java:59)
at org.testng.internal.ParameterHandler.createParameters(ParameterHandler.java:38)
at org.testng.internal.TestInvoker$MethodInvocationAgent.invoke(TestInvoker.java:791)
at org.testng.internal.TestInvoker.invokeTestMethods(TestInvoker.java:146)
at org.testng.internal.TestMethodWorker.invokeTestMethods(TestMethodWorker.java:146)
at org.testng.internal.TestMethodWorker.run(TestMethodWorker.java:128)
at java.base/java.util.ArrayList.forEach(ArrayList.java:1596)
at org.testng.TestRunner.privateRun(TestRunner.java:794)
at org.testng.TestRunner.run(TestRunner.java:596)
at org.testng.SuiteRunner.runTest(SuiteRunner.java:377)
at org.testng.SuiteRunner.runSequentially(SuiteRunner.java:371)
at org.testng.SuiteRunner.privateRun(SuiteRunner.java:332)
at org.testng.SuiteRunner.run(SuiteRunner.java:276)
at org.testng.SuiteRunnerWorker.runSuite(SuiteRunnerWorker.java:53)
at org.testng.SuiteRunnerWorker.run(SuiteRunnerWorker.java:96)
at org.testng.TestNG.runSuitesSequentially(TestNG.java:1212)
at org.testng.TestNG.runSuitesLocally(TestNG.java:1134)
at org.testng.TestNG.runSuites(TestNG.java:1063)
at org.testng.TestNG.run(TestNG.java:1031)
at org.testng.remote.AbstractRemoteTestNG.run(AbstractRemoteTestNG.java:115)
at org.testng.remote.RemoteTestNG.initAndRun(RemoteTestNG.java:293)
at org.testng.remote.RemoteTestNG.main(RemoteTestNG.java:91)
]]>
    </failure>
  </testcase> <!-- productAddedUnderBasket -->
  <testcase classname="tests.PizzaHutTestNGTest" name="checkoutButtonPriceNotShown" time="0.0">
    <skipped/>
  </testcase> <!-- checkoutButtonPriceNotShown -->
  <testcase classname="tests.PizzaHutTestNGTest" name="navigateToDrinks" time="0.0">
    <skipped/>
  </testcase> <!-- navigateToDrinks -->
  <testcase classname="tests.PizzaHutTestNGTest" name="addTwoDrinks" time="0.0">
    <skipped/>
  </testcase> <!-- addTwoDrinks -->
  <testcase classname="tests.PizzaHutTestNGTest" name="clickAndNavigateToCheckout" time="0.0">
    <skipped/>
  </testcase> <!-- clickAndNavigateToCheckout -->
  <testcase classname="tests.PizzaHutTestNGTest" name="onlinePaymentRadioButtonSelected" time="0.001">
    <skipped/>
  </testcase> <!-- onlinePaymentRadioButtonSelected -->
  <testcase classname="tests.PizzaHutTestNGTest" name="enterDetails" time="0.0">
    <failure type="org.testng.TestNGException" message="
Parameter &amp;apos;name&amp;apos; is required by @Test on method enterDetails but has not been marked @Optional or defined
in C:\Users\sunil\AppData\Local\Temp\testng-eclipse-1810078306\testng-customsuite.xml">
      <![CDATA[org.testng.TestNGException: 
Parameter 'name' is required by @Test on method enterDetails but has not been marked @Optional or defined
in C:\Users\sunil\AppData\Local\Temp\testng-eclipse-1810078306\testng-customsuite.xml
at org.testng.internal.Parameters.createParams(Parameters.java:270)
at org.testng.internal.Parameters.createParametersForMethod(Parameters.java:358)
at org.testng.internal.Parameters.createParameters(Parameters.java:700)
at org.testng.internal.Parameters.handleParameters(Parameters.java:884)
at org.testng.internal.Parameters.handleParameters(Parameters.java:740)
at org.testng.internal.ParameterHandler.handleParameters(ParameterHandler.java:59)
at org.testng.internal.ParameterHandler.createParameters(ParameterHandler.java:38)
at org.testng.internal.TestInvoker$MethodInvocationAgent.invoke(TestInvoker.java:791)
at org.testng.internal.TestInvoker.invokeTestMethods(TestInvoker.java:146)
at org.testng.internal.TestMethodWorker.invokeTestMethods(TestMethodWorker.java:146)
at org.testng.internal.TestMethodWorker.run(TestMethodWorker.java:128)
at java.base/java.util.ArrayList.forEach(ArrayList.java:1596)
at org.testng.TestRunner.privateRun(TestRunner.java:794)
at org.testng.TestRunner.run(TestRunner.java:596)
at org.testng.SuiteRunner.runTest(SuiteRunner.java:377)
at org.testng.SuiteRunner.runSequentially(SuiteRunner.java:371)
at org.testng.SuiteRunner.privateRun(SuiteRunner.java:332)
at org.testng.SuiteRunner.run(SuiteRunner.java:276)
at org.testng.SuiteRunnerWorker.runSuite(SuiteRunnerWorker.java:53)
at org.testng.SuiteRunnerWorker.run(SuiteRunnerWorker.java:96)
at org.testng.TestNG.runSuitesSequentially(TestNG.java:1212)
at org.testng.TestNG.runSuitesLocally(TestNG.java:1134)
at org.testng.TestNG.runSuites(TestNG.java:1063)
at org.testng.TestNG.run(TestNG.java:1031)
at org.testng.remote.AbstractRemoteTestNG.run(AbstractRemoteTestNG.java:115)
at org.testng.remote.RemoteTestNG.initAndRun(RemoteTestNG.java:293)
at org.testng.remote.RemoteTestNG.main(RemoteTestNG.java:91)
]]>
    </failure>
  </testcase> <!-- enterDetails -->
  <testcase classname="tests.PizzaHutTestNGTest" name="clickGiftCard" time="0.0">
    <skipped/>
  </testcase> <!-- clickGiftCard -->
  <testcase classname="tests.PizzaHutTestNGTest" name="clickVoucher" time="0.0">
    <skipped/>
  </testcase> <!-- clickVoucher -->
  <testcase classname="tests.PizzaHutTestNGTest" name="typeVoucherCode" time="0.0">
    <failure type="org.testng.TestNGException" message="
Parameter &amp;apos;voucherCode&amp;apos; is required by @Test on method typeVoucherCode but has not been marked @Optional or defined
in C:\Users\sunil\AppData\Local\Temp\testng-eclipse-1810078306\testng-customsuite.xml">
      <![CDATA[org.testng.TestNGException: 
Parameter 'voucherCode' is required by @Test on method typeVoucherCode but has not been marked @Optional or defined
in C:\Users\sunil\AppData\Local\Temp\testng-eclipse-1810078306\testng-customsuite.xml
at org.testng.internal.Parameters.createParams(Parameters.java:270)
at org.testng.internal.Parameters.createParametersForMethod(Parameters.java:358)
at org.testng.internal.Parameters.createParameters(Parameters.java:700)
at org.testng.internal.Parameters.handleParameters(Parameters.java:884)
at org.testng.internal.Parameters.handleParameters(Parameters.java:740)
at org.testng.internal.ParameterHandler.handleParameters(ParameterHandler.java:59)
at org.testng.internal.ParameterHandler.createParameters(ParameterHandler.java:38)
at org.testng.internal.TestInvoker$MethodInvocationAgent.invoke(TestInvoker.java:791)
at org.testng.internal.TestInvoker.invokeTestMethods(TestInvoker.java:146)
at org.testng.internal.TestMethodWorker.invokeTestMethods(TestMethodWorker.java:146)
at org.testng.internal.TestMethodWorker.run(TestMethodWorker.java:128)
at java.base/java.util.ArrayList.forEach(ArrayList.java:1596)
at org.testng.TestRunner.privateRun(TestRunner.java:794)
at org.testng.TestRunner.run(TestRunner.java:596)
at org.testng.SuiteRunner.runTest(SuiteRunner.java:377)
at org.testng.SuiteRunner.runSequentially(SuiteRunner.java:371)
at org.testng.SuiteRunner.privateRun(SuiteRunner.java:332)
at org.testng.SuiteRunner.run(SuiteRunner.java:276)
at org.testng.SuiteRunnerWorker.runSuite(SuiteRunnerWorker.java:53)
at org.testng.SuiteRunnerWorker.run(SuiteRunnerWorker.java:96)
at org.testng.TestNG.runSuitesSequentially(TestNG.java:1212)
at org.testng.TestNG.runSuitesLocally(TestNG.java:1134)
at org.testng.TestNG.runSuites(TestNG.java:1063)
at org.testng.TestNG.run(TestNG.java:1031)
at org.testng.remote.AbstractRemoteTestNG.run(AbstractRemoteTestNG.java:115)
at org.testng.remote.RemoteTestNG.initAndRun(RemoteTestNG.java:293)
at org.testng.remote.RemoteTestNG.main(RemoteTestNG.java:91)
]]>
    </failure>
  </testcase> <!-- typeVoucherCode -->
  <testcase classname="tests.PizzaHutTestNGTest" name="validateVoucherError" time="0.0">
    <failure type="org.testng.TestNGException" message="
Parameter &amp;apos;errorText&amp;apos; is required by @Test on method validateVoucherError but has not been marked @Optional or defined
in C:\Users\sunil\AppData\Local\Temp\testng-eclipse-1810078306\testng-customsuite.xml">
      <![CDATA[org.testng.TestNGException: 
Parameter 'errorText' is required by @Test on method validateVoucherError but has not been marked @Optional or defined
in C:\Users\sunil\AppData\Local\Temp\testng-eclipse-1810078306\testng-customsuite.xml
at org.testng.internal.Parameters.createParams(Parameters.java:270)
at org.testng.internal.Parameters.createParametersForMethod(Parameters.java:358)
at org.testng.internal.Parameters.createParameters(Parameters.java:700)
at org.testng.internal.Parameters.handleParameters(Parameters.java:884)
at org.testng.internal.Parameters.handleParameters(Parameters.java:740)
at org.testng.internal.ParameterHandler.handleParameters(ParameterHandler.java:59)
at org.testng.internal.ParameterHandler.createParameters(ParameterHandler.java:38)
at org.testng.internal.TestInvoker$MethodInvocationAgent.invoke(TestInvoker.java:791)
at org.testng.internal.TestInvoker.invokeTestMethods(TestInvoker.java:146)
at org.testng.internal.TestMethodWorker.invokeTestMethods(TestMethodWorker.java:146)
at org.testng.internal.TestMethodWorker.run(TestMethodWorker.java:128)
at java.base/java.util.ArrayList.forEach(ArrayList.java:1596)
at org.testng.TestRunner.privateRun(TestRunner.java:794)
at org.testng.TestRunner.run(TestRunner.java:596)
at org.testng.SuiteRunner.runTest(SuiteRunner.java:377)
at org.testng.SuiteRunner.runSequentially(SuiteRunner.java:371)
at org.testng.SuiteRunner.privateRun(SuiteRunner.java:332)
at org.testng.SuiteRunner.run(SuiteRunner.java:276)
at org.testng.SuiteRunnerWorker.runSuite(SuiteRunnerWorker.java:53)
at org.testng.SuiteRunnerWorker.run(SuiteRunnerWorker.java:96)
at org.testng.TestNG.runSuitesSequentially(TestNG.java:1212)
at org.testng.TestNG.runSuitesLocally(TestNG.java:1134)
at org.testng.TestNG.runSuites(TestNG.java:1063)
at org.testng.TestNG.run(TestNG.java:1031)
at org.testng.remote.AbstractRemoteTestNG.run(AbstractRemoteTestNG.java:115)
at org.testng.remote.RemoteTestNG.initAndRun(RemoteTestNG.java:293)
at org.testng.remote.RemoteTestNG.main(RemoteTestNG.java:91)
]]>
    </failure>
  </testcase> <!-- validateVoucherError -->
  <testcase classname="tests.PizzaHutTestNGTest" name="closeVoucherPopup" time="0.0">
    <skipped/>
  </testcase> <!-- closeVoucherPopup -->
  <testcase classname="tests.PizzaHutTestNGTest" name="navigateToBasketPage" time="0.0">
    <failure type="org.testng.TestNGException" message="
Parameter &amp;apos;titleText&amp;apos; is required by @Test on method navigateToBasketPage but has not been marked @Optional or defined
in C:\Users\sunil\AppData\Local\Temp\testng-eclipse-1810078306\testng-customsuite.xml">
      <![CDATA[org.testng.TestNGException: 
Parameter 'titleText' is required by @Test on method navigateToBasketPage but has not been marked @Optional or defined
in C:\Users\sunil\AppData\Local\Temp\testng-eclipse-1810078306\testng-customsuite.xml
at org.testng.internal.Parameters.createParams(Parameters.java:270)
at org.testng.internal.Parameters.createParametersForMethod(Parameters.java:358)
at org.testng.internal.Parameters.createParameters(Parameters.java:700)
at org.testng.internal.Parameters.handleParameters(Parameters.java:884)
at org.testng.internal.Parameters.handleParameters(Parameters.java:740)
at org.testng.internal.ParameterHandler.handleParameters(ParameterHandler.java:59)
at org.testng.internal.ParameterHandler.createParameters(ParameterHandler.java:38)
at org.testng.internal.TestInvoker$MethodInvocationAgent.invoke(TestInvoker.java:791)
at org.testng.internal.TestInvoker.invokeTestMethods(TestInvoker.java:146)
at org.testng.internal.TestMethodWorker.invokeTestMethods(TestMethodWorker.java:146)
at org.testng.internal.TestMethodWorker.run(TestMethodWorker.java:128)
at java.base/java.util.ArrayList.forEach(ArrayList.java:1596)
at org.testng.TestRunner.privateRun(TestRunner.java:794)
at org.testng.TestRunner.run(TestRunner.java:596)
at org.testng.SuiteRunner.runTest(SuiteRunner.java:377)
at org.testng.SuiteRunner.runSequentially(SuiteRunner.java:371)
at org.testng.SuiteRunner.privateRun(SuiteRunner.java:332)
at org.testng.SuiteRunner.run(SuiteRunner.java:276)
at org.testng.SuiteRunnerWorker.runSuite(SuiteRunnerWorker.java:53)
at org.testng.SuiteRunnerWorker.run(SuiteRunnerWorker.java:96)
at org.testng.TestNG.runSuitesSequentially(TestNG.java:1212)
at org.testng.TestNG.runSuitesLocally(TestNG.java:1134)
at org.testng.TestNG.runSuites(TestNG.java:1063)
at org.testng.TestNG.run(TestNG.java:1031)
at org.testng.remote.AbstractRemoteTestNG.run(AbstractRemoteTestNG.java:115)
at org.testng.remote.RemoteTestNG.initAndRun(RemoteTestNG.java:293)
at org.testng.remote.RemoteTestNG.main(RemoteTestNG.java:91)
]]>
    </failure>
  </testcase> <!-- navigateToBasketPage -->
</testsuite> <!-- Default test -->
